<?xml version="1.0" encoding="UTF-8"?>
<!-- Generated by org.testng.reporters.JUnitReportReporter -->
<testsuite skipped="0" hostname="DESKTOP-NOCAGUG" name="TestRunner.TC02_login" tests="1" failures="0" timestamp="06 May 2018 23:55:17 GMT" time="5.435" errors="0">
  <testcase name="feature" time="5.435" classname="TestRunner.TC02_login"/>
</testsuite> <!-- TestRunner.TC02_login -->
